<?xml version="1.0" encoding="UTF-8"?>
<!-- Generated by org.testng.reporters.JUnitXMLReporter -->
<testsuite ignored="0" hostname="LAPTOP-LLFOGGVK" failures="0" tests="1" name="Default test" time="0.057" errors="0" timestamp="2022-07-12T21:30:47 IST">
  <testcase classname="com.ritm.testcases.Base" name="@BeforeSuite startdriver" time="-1.65764164697E9">
    <failure type="org.testng.TestNGException" message="
Parameter &amp;apos;TC_id&amp;apos; is required by BeforeSuite on method startdriver but has not been marked @Optional or defined
in C:\Users\ritma\AppData\Local\Temp\testng-eclipse--750981745\testng-customsuite.xml">
      <![CDATA[org.testng.TestNGException: 
Parameter 'TC_id' is required by BeforeSuite on method startdriver but has not been marked @Optional or defined
in C:\Users\ritma\AppData\Local\Temp\testng-eclipse--750981745\testng-customsuite.xml
at org.testng.internal.Parameters.createParams(Parameters.java:270)
at org.testng.internal.Parameters.createParametersForMethod(Parameters.java:358)
at org.testng.internal.Parameters.createParameters(Parameters.java:700)
at org.testng.internal.Parameters.createConfigurationParameters(Parameters.java:168)
at org.testng.internal.ConfigInvoker.invokeConfigurations(ConfigInvoker.java:302)
at org.testng.SuiteRunner.privateRun(SuiteRunner.java:317)
at org.testng.SuiteRunner.run(SuiteRunner.java:276)
at org.testng.SuiteRunnerWorker.runSuite(SuiteRunnerWorker.java:53)
at org.testng.SuiteRunnerWorker.run(SuiteRunnerWorker.java:96)
at org.testng.TestNG.runSuitesSequentially(TestNG.java:1212)
at org.testng.TestNG.runSuitesLocally(TestNG.java:1134)
at org.testng.TestNG.runSuites(TestNG.java:1063)
at org.testng.TestNG.run(TestNG.java:1031)
at org.testng.remote.AbstractRemoteTestNG.run(AbstractRemoteTestNG.java:115)
at org.testng.remote.RemoteTestNG.initAndRun(RemoteTestNG.java:251)
at org.testng.remote.RemoteTestNG.main(RemoteTestNG.java:77)
]]>
    </failure>
  </testcase> <!-- @BeforeSuite startdriver -->
  <testcase classname="com.ritm.testcases.Base" name="@BeforeTest beforeTest" time="-1.657641646983E9">
    <skipped/>
  </testcase> <!-- @BeforeTest beforeTest -->
  <testcase classname="com.ritm.testcases.Base" name="@BeforeClass beforeClass" time="-1.657641647002E9">
    <skipped/>
  </testcase> <!-- @BeforeClass beforeClass -->
  <testcase classname="com.ritm.testcases.Base" name="@BeforeMethod beforeMethod" time="-1.657641647027E9">
    <skipped/>
  </testcase> <!-- @BeforeMethod beforeMethod -->
  <testcase classname="com.ritm.testcases.Base" name="@AfterMethod afterMethod" time="-1.657641647034E9">
    <skipped/>
  </testcase> <!-- @AfterMethod afterMethod -->
  <testcase classname="com.ritm.testcases.Base" name="@AfterTest TeardownTest" time="-1.657641647038E9">
    <skipped/>
  </testcase> <!-- @AfterTest TeardownTest -->
  <testcase classname="com.ritm.testcases.LoginUser" name="Login" time="0.0">
    <skipped/>
  </testcase> <!-- Login -->
</testsuite> <!-- Default test -->
