<?xml version="1.0" encoding="UTF-8"?>
<!-- Generated by org.testng.reporters.JUnitReportReporter -->
<testsuite hostname="LAPTOP-LLFOGGVK" failures="0" tests="2" name="com.ritm.testcases.LoginUser" time="-1657641600.000" errors="1" timestamp="2022-07-12T21:30:47 IST" skipped="1">
  <testcase classname="com.ritm.testcases.LoginUser" name="startdriver" time="-1657641600.000">
    <error message="
Parameter &#039;TC_id&#039; is required by BeforeSuite on method startdriver but has not been marked @Optional or defined
in C:\Users\ritma\AppData\Local\Temp\testng-eclipse--750981745\testng-customsuite.xml" type="org.testng.TestNGException">
      <![CDATA[org.testng.TestNGException: 
Parameter 'TC_id' is required by BeforeSuite on method startdriver but has not been marked @Optional or defined
in C:\Users\ritma\AppData\Local\Temp\testng-eclipse--750981745\testng-customsuite.xml
at org.testng.internal.Parameters.createParams(Parameters.java:270)
at org.testng.internal.Parameters.createParametersForMethod(Parameters.java:358)
at org.testng.internal.Parameters.createParameters(Parameters.java:700)
at org.testng.internal.Parameters.createConfigurationParameters(Parameters.java:168)
at org.testng.internal.ConfigInvoker.invokeConfigurations(ConfigInvoker.java:302)
at org.testng.SuiteRunner.privateRun(SuiteRunner.java:317)
at org.testng.SuiteRunner.run(SuiteRunner.java:276)
at org.testng.SuiteRunnerWorker.runSuite(SuiteRunnerWorker.java:53)
at org.testng.SuiteRunnerWorker.run(SuiteRunnerWorker.java:96)
at org.testng.TestNG.runSuitesSequentially(TestNG.java:1212)
at org.testng.TestNG.runSuitesLocally(TestNG.java:1134)
at org.testng.TestNG.runSuites(TestNG.java:1063)
at org.testng.TestNG.run(TestNG.java:1031)
at org.testng.remote.AbstractRemoteTestNG.run(AbstractRemoteTestNG.java:115)
at org.testng.remote.RemoteTestNG.initAndRun(RemoteTestNG.java:251)
at org.testng.remote.RemoteTestNG.main(RemoteTestNG.java:77)
]]>
    </error>
  </testcase> <!-- startdriver -->
  <system-out/>
  <testcase classname="com.ritm.testcases.LoginUser" name="Login" time="0.000">
    <skipped/>
  </testcase> <!-- Login -->
  <system-out/>
</testsuite> <!-- com.ritm.testcases.LoginUser -->
